<?xml version="1.0" encoding="UTF-8"?>
<!-- Generated by org.testng.reporters.JUnitXMLReporter -->
<testsuite ignored="0" hostname="LenovoRRB" failures="0" tests="123" name="Functional Tests" time="179.4" errors="0" timestamp="2025-04-07T14:13:23 CDT">
  <testcase classname="TestClasses.QueueTest" name="testQueueGetStarted" time="1.493"/>
  <testcase classname="TestClasses.QueueTest" name="checkImplementationofQueueinPython" time="2.409"/>
  <testcase classname="TestClasses.QueueTest" name="testInvalidPythonCode" time="1.164"/>
  <testcase classname="TestClasses.QueueTest" name="testValidPythonCode" time="1.367"/>
  <testcase classname="TestClasses.QueueTest" name="checkPracticeQns" time="1.373"/>
  <testcase classname="TestClasses.QueueTest" name="checkImplementationUsingCollectionsDequeue" time="1.487"/>
  <testcase classname="TestClasses.QueueTest" name="testImplementationUsingCollectionsDequeueInvalidPythonCode" time="1.27"/>
  <testcase classname="TestClasses.QueueTest" name="testImplementationUsingCollectionsDequeueValidPythonCode" time="1.297"/>
  <testcase classname="TestClasses.QueueTest" name="checkImplementationusingarray" time="1.368"/>
  <testcase classname="TestClasses.QueueTest" name="testImplementationusingarrayInvalidPythonCode" time="1.241"/>
  <testcase classname="TestClasses.QueueTest" name="testImplementationusingarrayValidPythonCode" time="1.52"/>
  <testcase classname="TestClasses.QueueTest" name="checkQueueOperations" time="1.322"/>
  <testcase classname="TestClasses.QueueTest" name="testQueueOperationsInvalidPythonCode" time="1.557"/>
  <testcase classname="TestClasses.QueueTest" name="testQueueOperationsValidPythonCode" time="1.257"/>
  <testcase classname="TestClasses.StackTest" name="testLoginAndNavigateToStack" time="1.461"/>
  <testcase classname="TestClasses.StackTest" name="checkOperationInStack" time="1.346"/>
  <testcase classname="TestClasses.StackTest" name="testInvalidPythonCode" time="1.534"/>
  <testcase classname="TestClasses.StackTest" name="testValidPythonCode" time="1.246"/>
  <testcase classname="TestClasses.StackTest" name="checkPracticeQns" time="0.85"/>
  <testcase classname="TestClasses.StackTest" name="checkImplementation" time="1.329"/>
  <testcase classname="TestClasses.StackTest" name="testImplementationInvalidPythonCode" time="1.6"/>
  <testcase classname="TestClasses.StackTest" name="testImplementationValidPythonCode" time="1.241"/>
  <testcase classname="TestClasses.StackTest" name="checkApplications" time="1.319"/>
  <testcase classname="TestClasses.StackTest" name="testApplicationsInvalidPythonCode" time="1.331"/>
  <testcase classname="TestClasses.StackTest" name="testApplicationsValidPythonCode" time="1.392"/>
  <testcase classname="TestClasses.GraphTest" name="GraphFromGetStarted" time="1.181"/>
  <testcase classname="TestClasses.GraphTest" name="GraphfromDropdown" time="0.339"/>
  <testcase classname="TestClasses.GraphTest" name="checkingGraphLink" time="0.238"/>
  <testcase classname="TestClasses.GraphTest" name="checkingPracticeQnPage" time="0.69"/>
  <testcase classname="TestClasses.GraphTest" name="checkingGraphRepresentationLink" time="1.349"/>
  <testcase classname="TestClasses.GraphTest" name="testInvalidPythonCode" time="1.084"/>
  <testcase classname="TestClasses.GraphTest" name="testvalidPythonCode" time="1.148"/>
  <testcase classname="TestClasses.TreeTest" name="treeFromGetStarted" time="1.122"/>
  <testcase classname="TestClasses.TreeTest" name="treeFromDropdown" time="0.288"/>
  <testcase classname="TestClasses.TreeTest" name="checkingOverviewOfTrees" time="0.354"/>
  <testcase classname="TestClasses.TreeTest" name="checkingTerminologiesLink" time="0.296"/>
  <testcase classname="TestClasses.TreeTest" name="checkingTypesOfTrees" time="0.282"/>
  <testcase classname="TestClasses.TreeTest" name="checkingAllOtherLinks" time="0.348"/>
  <testcase classname="TestClasses.TreeTest" name="checkingAllOtherLinks" time="0.373"/>
  <testcase classname="TestClasses.TreeTest" name="checkingAllOtherLinks" time="0.298"/>
  <testcase classname="TestClasses.TreeTest" name="checkingAllOtherLinks" time="0.441"/>
  <testcase classname="TestClasses.TreeTest" name="checkingAllOtherLinks" time="0.304"/>
  <testcase classname="TestClasses.TreeTest" name="checkingAllOtherLinks" time="0.354"/>
  <testcase classname="TestClasses.TreeTest" name="checkingAllOtherLinks" time="0.294"/>
  <testcase classname="TestClasses.TreeTest" name="checkingAllOtherLinks" time="0.342"/>
  <testcase classname="TestClasses.TreeTest" name="checkingAllOtherLinks" time="0.469"/>
  <testcase classname="TestClasses.TreeTest" name="checkingAllOtherLinks" time="0.287"/>
  <testcase classname="TestClasses.TreeTest" name="testValidPythonCode" time="1.513"/>
  <testcase classname="TestClasses.TreeTest" name="testInvalidPythonCode_overviewofTrees" time="1.209"/>
  <testcase classname="TestClasses.TreeTest" name="emptyInput" time="1.113"/>
  <testcase classname="TestClasses.TreeTest" name="testValidPythonCode_Terminologies" time="1.132"/>
  <testcase classname="TestClasses.TreeTest" name="testInvalidPythonCode_Terminologies" time="1.196"/>
  <testcase classname="TestClasses.TreeTest" name="emptyInputforTerminologies" time="1.034"/>
  <testcase classname="TestClasses.TreeTest" name="emptyInputforTypesofTrees" time="1.152"/>
  <testcase classname="TestClasses.TreeTest" name="testValidPythonCode_TypesofTrees" time="1.295"/>
  <testcase classname="TestClasses.TreeTest" name="testInvalidPythonCode_TypesofTrees" time="1.125"/>
  <testcase classname="TestClasses.TreeTest" name="emptyInputforTreeTraversals" time="1.218"/>
  <testcase classname="TestClasses.TreeTest" name="testValidPythonCode_TreeTraversals" time="1.197"/>
  <testcase classname="TestClasses.TreeTest" name="testInvalidPythonCode_TreeTraversals" time="1.116"/>
  <testcase classname="TestClasses.TreeTest" name="emptyInputforTraversals_Illust" time="1.138"/>
  <testcase classname="TestClasses.TreeTest" name="testValidPythonCode_Traversals_Illust" time="1.128"/>
  <testcase classname="TestClasses.TreeTest" name="testInvalidPythonCode_Traversals_Illust" time="1.116"/>
  <testcase classname="TestClasses.TreeTest" name="emptyInputforBinaryTrees" time="1.231"/>
  <testcase classname="TestClasses.TreeTest" name="testValidPythonCode_BinaryTrees" time="1.333"/>
  <testcase classname="TestClasses.TreeTest" name="testInvalidPythonCode_BinaryTrees" time="1.211"/>
  <testcase classname="TestClasses.TreeTest" name="emptyInputforTypesofBinaryTrees" time="1.171"/>
  <testcase classname="TestClasses.TreeTest" name="testValidPythonCode_TypesofBinaryTrees" time="1.099"/>
  <testcase classname="TestClasses.TreeTest" name="testInvalidPythonCode_TypesofBinaryTrees" time="1.316"/>
  <testcase classname="TestClasses.TreeTest" name="emptyInputforImple_BinaryTrees" time="1.222"/>
  <testcase classname="TestClasses.TreeTest" name="testValidPythonCode_Imple_BinaryTrees" time="1.252"/>
  <testcase classname="TestClasses.TreeTest" name="testInvalidPythonCode_Imple_BinaryTrees" time="1.37"/>
  <testcase classname="TestClasses.TreeTest" name="emptyInputforImple_inpython" time="1.245"/>
  <testcase classname="TestClasses.TreeTest" name="testValidPythonCode_Imple_inpython" time="1.329"/>
  <testcase classname="TestClasses.TreeTest" name="testInvalidPythonCode_Imple_inpython" time="1.161"/>
  <testcase classname="TestClasses.TreeTest" name="emptyInputforBinaryTreeTraversal" time="1.259"/>
  <testcase classname="TestClasses.TreeTest" name="testValidPythonCode_BinaryTreeTraversal" time="1.182"/>
  <testcase classname="TestClasses.TreeTest" name="testInvalidPythonCode_BinaryTreeTraversal" time="1.345"/>
  <testcase classname="TestClasses.TreeTest" name="emptyInputforApplOfBinaryTrees" time="1.52"/>
  <testcase classname="TestClasses.TreeTest" name="testValidPythonCode_ApplOfBinaryTrees" time="1.166"/>
  <testcase classname="TestClasses.TreeTest" name="testInvalidPythonCode_ApplOfBinaryTrees" time="1.184"/>
  <testcase classname="TestClasses.TreeTest" name="emptyInputforBinarySearchTrees" time="1.32"/>
  <testcase classname="TestClasses.TreeTest" name="testValidPythonCode_BinarySearchTrees" time="1.276"/>
  <testcase classname="TestClasses.TreeTest" name="testInvalidPythonCode_BinarySearchTrees" time="1.269"/>
  <testcase classname="TestClasses.TreeTest" name="emptyInputforImpleOfBST" time="1.087"/>
  <testcase classname="TestClasses.TreeTest" name="testInvalidPythonCode_ImpleOfBST" time="1.196"/>
  <testcase classname="TestClasses.TreeTest" name="testValidPythonCode_ImpleOfBST" time="1.189"/>
  <testcase classname="TestClasses.TreeTest" name="checkPracticeQuestions" time="0.915"/>
  <testcase classname="TestClasses.LinkedListTest" name="LinkedListFromGetStarted" time="1.08"/>
  <testcase classname="TestClasses.LinkedListTest" name="LinkedListFromDropdown" time="0.259"/>
  <testcase classname="TestClasses.LinkedListTest" name="checkingIntro" time="0.4"/>
  <testcase classname="TestClasses.LinkedListTest" name="checkingAllOtherLinks" time="0.257"/>
  <testcase classname="TestClasses.LinkedListTest" name="checkingAllOtherLinks" time="0.356"/>
  <testcase classname="TestClasses.LinkedListTest" name="checkingAllOtherLinks" time="0.281"/>
  <testcase classname="TestClasses.LinkedListTest" name="checkingAllOtherLinks" time="0.348"/>
  <testcase classname="TestClasses.LinkedListTest" name="checkingAllOtherLinks" time="0.361"/>
  <testcase classname="TestClasses.LinkedListTest" name="checkingAllOtherLinks" time="0.347"/>
  <testcase classname="TestClasses.LinkedListTest" name="testValidPythonCode_Intro" time="1.699"/>
  <testcase classname="TestClasses.LinkedListTest" name="testInvalidPythonCode_Intro" time="1.407"/>
  <testcase classname="TestClasses.LinkedListTest" name="emptyInput_Intro" time="1.341"/>
  <testcase classname="TestClasses.LinkedListTest" name="testValidPythonCode_CreatingLinkedList" time="1.509"/>
  <testcase classname="TestClasses.LinkedListTest" name="testInvalidPythonCode_CreatingLinkedList" time="1.519"/>
  <testcase classname="TestClasses.LinkedListTest" name="emptyInput_CreatingLinkedList" time="1.306"/>
  <testcase classname="TestClasses.LinkedListTest" name="testValidPythonCode_TypesofLinkedlist" time="1.495"/>
  <testcase classname="TestClasses.LinkedListTest" name="testInvalidPythonCode_TypesofLinkedlist" time="1.434"/>
  <testcase classname="TestClasses.LinkedListTest" name="emptyInput_TypesofLinkedlist" time="1.271"/>
  <testcase classname="TestClasses.LinkedListTest" name="testValidPythonCode_ImplLinkedListInPython" time="1.407"/>
  <testcase classname="TestClasses.LinkedListTest" name="testInvalidPythonCode_ImplLinkedListInPython" time="1.39"/>
  <testcase classname="TestClasses.LinkedListTest" name="emptyInput_ImplLinkedListInPython" time="1.233"/>
  <testcase classname="TestClasses.LinkedListTest" name="testValidPythonCode_Traversal" time="1.367"/>
  <testcase classname="TestClasses.LinkedListTest" name="testInvalidPythonCode_Traversal" time="1.264"/>
  <testcase classname="TestClasses.LinkedListTest" name="emptyInput_Traversal" time="1.446"/>
  <testcase classname="TestClasses.LinkedListTest" name="testValidPythonCode_Insertion" time="1.2"/>
  <testcase classname="TestClasses.LinkedListTest" name="testInvalidPythonCode_Insertion" time="1.327"/>
  <testcase classname="TestClasses.LinkedListTest" name="emptyInput_Insertion" time="1.194"/>
  <testcase classname="TestClasses.LinkedListTest" name="testValidPythonCode_Deletion" time="1.464"/>
  <testcase classname="TestClasses.LinkedListTest" name="testInvalidPythonCode_Deletion" time="1.365"/>
  <testcase classname="TestClasses.LinkedListTest" name="emptyInput_Deletion" time="1.188"/>
  <testcase classname="TestClasses.LinkedListTest" name="checkPracticeQuestions" time="1.015"/>
  <testcase classname="TestClasses.DataStructureTest" name="dataStructureIntroduction" time="1.153"/>
  <testcase classname="TestClasses.DataStructureTest" name="checkPracticeQuestionsPage" time="0.479"/>
  <testcase classname="TestClasses.DataStructureTest" name="checkTimeComplexityLinkAndEmptyRun" time="1.255"/>
  <testcase classname="TestClasses.DataStructureTest" name="testInvalidPythonCode" time="1.097"/>
  <testcase classname="TestClasses.DataStructureTest" name="testValidPythonCode" time="1.07"/>
</testsuite> <!-- Functional Tests -->
