<?xml version="1.0" encoding="UTF-8"?>
<!-- Generated by org.testng.reporters.JUnitXMLReporter -->
<testsuite ignored="0" hostname="Ashok" failures="0" tests="5" name="Default test" time="13.254" errors="0" timestamp="2025-04-06T15:42:18 PDT">
  <testcase classname="TestClasses.DataStructureTest" name="dataStructureIntroduction" time="1.536"/>
  <testcase classname="TestClasses.DataStructureTest" name="checkPracticeQuestionsPage" time="0.553"/>
  <testcase classname="TestClasses.DataStructureTest" name="checkTimeComplexityLinkAndEmptyRun" time="1.61"/>
  <testcase classname="TestClasses.DataStructureTest" name="testInvalidPythonCode" time="1.067"/>
  <testcase classname="TestClasses.DataStructureTest" name="testValidPythonCode" time="1.653"/>
</testsuite> <!-- Default test -->
