<?xml version="1.0" encoding="UTF-8"?>
<testng-results ignored="0" total="19" passed="15" failed="0" skipped="4">
  <reporter-output>
  </reporter-output>
  <suite started-at="2025-04-07T21:50:57 PDT" name="Default suite" finished-at="2025-04-07T21:51:25 PDT" duration-ms="27355">
    <groups>
    </groups>
    <test started-at="2025-04-07T21:50:57 PDT" name="Default test" finished-at="2025-04-07T21:51:25 PDT" duration-ms="27355">
      <class name="TestClasses.ArrayTest">
        <test-method is-config="true" signature="setUp(java.lang.String)[pri:0, instance:TestClasses.ArrayTest@119cbf96]" started-at="2025-04-07T21:50:57 PDT" name="setUp" finished-at="2025-04-07T21:50:59 PDT" duration-ms="1224" status="PASS">
          <params>
            <param index="0">
              <value>
                <![CDATA[chrome]]>
              </value>
            </param>
          </params>
          <reporter-output>
          </reporter-output>
        </test-method> <!-- setUp -->
        <test-method is-config="true" signature="navigateToHomePage()[pri:0, instance:TestClasses.ArrayTest@119cbf96]" started-at="2025-04-07T21:50:59 PDT" name="navigateToHomePage" finished-at="2025-04-07T21:51:01 PDT" duration-ms="2371" status="PASS">
          <reporter-output>
          </reporter-output>
        </test-method> <!-- navigateToHomePage -->
        <test-method is-config="true" signature="setupPages()[pri:0, instance:TestClasses.ArrayTest@119cbf96]" started-at="2025-04-07T21:51:01 PDT" name="setupPages" finished-at="2025-04-07T21:51:01 PDT" duration-ms="27" status="PASS">
          <reporter-output>
          </reporter-output>
        </test-method> <!-- setupPages -->
        <test-method signature="ArrayStartingPage()[pri:1, instance:TestClasses.ArrayTest@119cbf96]" started-at="2025-04-07T21:51:01 PDT" name="ArrayStartingPage" finished-at="2025-04-07T21:51:03 PDT" duration-ms="1970" status="PASS">
          <reporter-output>
          </reporter-output>
        </test-method> <!-- ArrayStartingPage -->
        <test-method is-config="true" signature="navigateToHomePage()[pri:0, instance:TestClasses.ArrayTest@119cbf96]" started-at="2025-04-07T21:51:03 PDT" name="navigateToHomePage" finished-at="2025-04-07T21:51:03 PDT" duration-ms="185" status="PASS">
          <reporter-output>
          </reporter-output>
        </test-method> <!-- navigateToHomePage -->
        <test-method is-config="true" signature="setupPages()[pri:0, instance:TestClasses.ArrayTest@119cbf96]" started-at="2025-04-07T21:51:03 PDT" name="setupPages" finished-at="2025-04-07T21:51:03 PDT" duration-ms="2" status="PASS">
          <reporter-output>
          </reporter-output>
        </test-method> <!-- setupPages -->
        <test-method signature="ArraysPythonPage()[pri:2, instance:TestClasses.ArrayTest@119cbf96]" started-at="2025-04-07T21:51:03 PDT" name="ArraysPythonPage" finished-at="2025-04-07T21:51:04 PDT" duration-ms="912" status="PASS">
          <reporter-output>
          </reporter-output>
        </test-method> <!-- ArraysPythonPage -->
        <test-method is-config="true" signature="navigateToHomePage()[pri:0, instance:TestClasses.ArrayTest@119cbf96]" started-at="2025-04-07T21:51:04 PDT" name="navigateToHomePage" finished-at="2025-04-07T21:51:04 PDT" duration-ms="245" status="PASS">
          <reporter-output>
          </reporter-output>
        </test-method> <!-- navigateToHomePage -->
        <test-method is-config="true" signature="setupPages()[pri:0, instance:TestClasses.ArrayTest@119cbf96]" started-at="2025-04-07T21:51:04 PDT" name="setupPages" finished-at="2025-04-07T21:51:04 PDT" duration-ms="1" status="PASS">
          <reporter-output>
          </reporter-output>
        </test-method> <!-- setupPages -->
        <test-method signature="CheckingArraysinPythonwithEmptyRun()[pri:3, instance:TestClasses.ArrayTest@119cbf96]" started-at="2025-04-07T21:51:04 PDT" name="CheckingArraysinPythonwithEmptyRun" finished-at="2025-04-07T21:51:07 PDT" duration-ms="2710" status="PASS">
          <reporter-output>
          </reporter-output>
        </test-method> <!-- CheckingArraysinPythonwithEmptyRun -->
        <test-method is-config="true" signature="navigateToHomePage()[pri:0, instance:TestClasses.ArrayTest@119cbf96]" started-at="2025-04-07T21:51:08 PDT" name="navigateToHomePage" finished-at="2025-04-07T21:51:08 PDT" duration-ms="208" status="PASS">
          <reporter-output>
          </reporter-output>
        </test-method> <!-- navigateToHomePage -->
        <test-method is-config="true" signature="setupPages()[pri:0, instance:TestClasses.ArrayTest@119cbf96]" started-at="2025-04-07T21:51:08 PDT" name="setupPages" finished-at="2025-04-07T21:51:08 PDT" duration-ms="3" status="PASS">
          <reporter-output>
          </reporter-output>
        </test-method> <!-- setupPages -->
        <test-method signature="testInvalidPythonCode(java.lang.String,java.lang.String)[pri:4, instance:TestClasses.ArrayTest@119cbf96]" started-at="2025-04-07T21:51:08 PDT" name="testInvalidPythonCode" data-provider="Invalidpythoncode" finished-at="2025-04-07T21:51:10 PDT" duration-ms="2245" status="PASS">
          <params>
            <param index="0">
              <value>
                <![CDATA[System.out.println('Hello World')]]>
              </value>
            </param>
            <param index="1">
              <value>
                <![CDATA[NameError: name 'System' is not defined on line 1]]>
              </value>
            </param>
          </params>
          <reporter-output>
          </reporter-output>
        </test-method> <!-- testInvalidPythonCode -->
        <test-method is-config="true" signature="navigateToHomePage()[pri:0, instance:TestClasses.ArrayTest@119cbf96]" started-at="2025-04-07T21:51:10 PDT" name="navigateToHomePage" finished-at="2025-04-07T21:51:11 PDT" duration-ms="264" status="PASS">
          <reporter-output>
          </reporter-output>
        </test-method> <!-- navigateToHomePage -->
        <test-method is-config="true" signature="setupPages()[pri:0, instance:TestClasses.ArrayTest@119cbf96]" started-at="2025-04-07T21:51:11 PDT" name="setupPages" finished-at="2025-04-07T21:51:11 PDT" duration-ms="1" status="PASS">
          <reporter-output>
          </reporter-output>
        </test-method> <!-- setupPages -->
        <test-method signature="testValidPythonCode(java.lang.String,java.lang.String)[pri:5, instance:TestClasses.ArrayTest@119cbf96]" started-at="2025-04-07T21:51:11 PDT" name="testValidPythonCode" data-provider="Validpythoncode" finished-at="2025-04-07T21:51:12 PDT" duration-ms="1296" status="PASS">
          <params>
            <param index="0">
              <value>
                <![CDATA[print('Hello World')]]>
              </value>
            </param>
            <param index="1">
              <value>
                <![CDATA[Hello World]]>
              </value>
            </param>
          </params>
          <reporter-output>
          </reporter-output>
        </test-method> <!-- testValidPythonCode -->
        <test-method is-config="true" signature="navigateToHomePage()[pri:0, instance:TestClasses.ArrayTest@119cbf96]" started-at="2025-04-07T21:51:12 PDT" name="navigateToHomePage" finished-at="2025-04-07T21:51:12 PDT" duration-ms="180" status="PASS">
          <reporter-output>
          </reporter-output>
        </test-method> <!-- navigateToHomePage -->
        <test-method is-config="true" signature="setupPages()[pri:0, instance:TestClasses.ArrayTest@119cbf96]" started-at="2025-04-07T21:51:12 PDT" name="setupPages" finished-at="2025-04-07T21:51:12 PDT" duration-ms="1" status="PASS">
          <reporter-output>
          </reporter-output>
        </test-method> <!-- setupPages -->
        <test-method signature="CheckingArraysListwithEmptyRun()[pri:6, instance:TestClasses.ArrayTest@119cbf96]" started-at="2025-04-07T21:51:12 PDT" name="CheckingArraysListwithEmptyRun" finished-at="2025-04-07T21:51:13 PDT" duration-ms="1105" status="PASS">
          <reporter-output>
          </reporter-output>
        </test-method> <!-- CheckingArraysListwithEmptyRun -->
        <test-method is-config="true" signature="navigateToHomePage()[pri:0, instance:TestClasses.ArrayTest@119cbf96]" started-at="2025-04-07T21:51:13 PDT" name="navigateToHomePage" finished-at="2025-04-07T21:51:13 PDT" duration-ms="182" status="PASS">
          <reporter-output>
          </reporter-output>
        </test-method> <!-- navigateToHomePage -->
        <test-method is-config="true" signature="setupPages()[pri:0, instance:TestClasses.ArrayTest@119cbf96]" started-at="2025-04-07T21:51:13 PDT" name="setupPages" finished-at="2025-04-07T21:51:13 PDT" duration-ms="1" status="PASS">
          <reporter-output>
          </reporter-output>
        </test-method> <!-- setupPages -->
        <test-method signature="testInvalidPythonCodeArraysList(java.lang.String,java.lang.String)[pri:7, instance:TestClasses.ArrayTest@119cbf96]" started-at="2025-04-07T21:51:13 PDT" name="testInvalidPythonCodeArraysList" data-provider="Invalidpythoncode" finished-at="2025-04-07T21:51:14 PDT" duration-ms="990" status="PASS">
          <params>
            <param index="0">
              <value>
                <![CDATA[System.out.println('Hello World')]]>
              </value>
            </param>
            <param index="1">
              <value>
                <![CDATA[NameError: name 'System' is not defined on line 1]]>
              </value>
            </param>
          </params>
          <reporter-output>
          </reporter-output>
        </test-method> <!-- testInvalidPythonCodeArraysList -->
        <test-method is-config="true" signature="navigateToHomePage()[pri:0, instance:TestClasses.ArrayTest@119cbf96]" started-at="2025-04-07T21:51:14 PDT" name="navigateToHomePage" finished-at="2025-04-07T21:51:15 PDT" duration-ms="202" status="PASS">
          <reporter-output>
          </reporter-output>
        </test-method> <!-- navigateToHomePage -->
        <test-method is-config="true" signature="setupPages()[pri:0, instance:TestClasses.ArrayTest@119cbf96]" started-at="2025-04-07T21:51:15 PDT" name="setupPages" finished-at="2025-04-07T21:51:15 PDT" duration-ms="2" status="PASS">
          <reporter-output>
          </reporter-output>
        </test-method> <!-- setupPages -->
        <test-method signature="testValidPythonCodeArraysList(java.lang.String,java.lang.String)[pri:8, instance:TestClasses.ArrayTest@119cbf96]" started-at="2025-04-07T21:51:15 PDT" name="testValidPythonCodeArraysList" data-provider="Validpythoncode" finished-at="2025-04-07T21:51:16 PDT" duration-ms="1149" status="PASS">
          <params>
            <param index="0">
              <value>
                <![CDATA[print('Hello World')]]>
              </value>
            </param>
            <param index="1">
              <value>
                <![CDATA[Hello World]]>
              </value>
            </param>
          </params>
          <reporter-output>
          </reporter-output>
        </test-method> <!-- testValidPythonCodeArraysList -->
        <test-method is-config="true" signature="navigateToHomePage()[pri:0, instance:TestClasses.ArrayTest@119cbf96]" started-at="2025-04-07T21:51:16 PDT" name="navigateToHomePage" finished-at="2025-04-07T21:51:16 PDT" duration-ms="190" status="PASS">
          <reporter-output>
          </reporter-output>
        </test-method> <!-- navigateToHomePage -->
        <test-method is-config="true" signature="setupPages()[pri:0, instance:TestClasses.ArrayTest@119cbf96]" started-at="2025-04-07T21:51:16 PDT" name="setupPages" finished-at="2025-04-07T21:51:16 PDT" duration-ms="1" status="PASS">
          <reporter-output>
          </reporter-output>
        </test-method> <!-- setupPages -->
        <test-method signature="CheckingBasicOpeartionswithEmptyRun()[pri:9, instance:TestClasses.ArrayTest@119cbf96]" started-at="2025-04-07T21:51:16 PDT" name="CheckingBasicOpeartionswithEmptyRun" finished-at="2025-04-07T21:51:17 PDT" duration-ms="1104" status="PASS">
          <reporter-output>
          </reporter-output>
        </test-method> <!-- CheckingBasicOpeartionswithEmptyRun -->
        <test-method is-config="true" signature="navigateToHomePage()[pri:0, instance:TestClasses.ArrayTest@119cbf96]" started-at="2025-04-07T21:51:17 PDT" name="navigateToHomePage" finished-at="2025-04-07T21:51:17 PDT" duration-ms="170" status="PASS">
          <reporter-output>
          </reporter-output>
        </test-method> <!-- navigateToHomePage -->
        <test-method is-config="true" signature="setupPages()[pri:0, instance:TestClasses.ArrayTest@119cbf96]" started-at="2025-04-07T21:51:17 PDT" name="setupPages" finished-at="2025-04-07T21:51:17 PDT" duration-ms="1" status="PASS">
          <reporter-output>
          </reporter-output>
        </test-method> <!-- setupPages -->
        <test-method signature="testInvalidPythonCodeBasicOpeartions(java.lang.String,java.lang.String)[pri:10, instance:TestClasses.ArrayTest@119cbf96]" started-at="2025-04-07T21:51:17 PDT" name="testInvalidPythonCodeBasicOpeartions" data-provider="Invalidpythoncode" finished-at="2025-04-07T21:51:18 PDT" duration-ms="1023" status="PASS">
          <params>
            <param index="0">
              <value>
                <![CDATA[System.out.println('Hello World')]]>
              </value>
            </param>
            <param index="1">
              <value>
                <![CDATA[NameError: name 'System' is not defined on line 1]]>
              </value>
            </param>
          </params>
          <reporter-output>
          </reporter-output>
        </test-method> <!-- testInvalidPythonCodeBasicOpeartions -->
        <test-method is-config="true" signature="navigateToHomePage()[pri:0, instance:TestClasses.ArrayTest@119cbf96]" started-at="2025-04-07T21:51:18 PDT" name="navigateToHomePage" finished-at="2025-04-07T21:51:19 PDT" duration-ms="211" status="PASS">
          <reporter-output>
          </reporter-output>
        </test-method> <!-- navigateToHomePage -->
        <test-method is-config="true" signature="setupPages()[pri:0, instance:TestClasses.ArrayTest@119cbf96]" started-at="2025-04-07T21:51:19 PDT" name="setupPages" finished-at="2025-04-07T21:51:19 PDT" duration-ms="1" status="PASS">
          <reporter-output>
          </reporter-output>
        </test-method> <!-- setupPages -->
        <test-method signature="testValidPythonCodeBasicOpearations(java.lang.String,java.lang.String)[pri:11, instance:TestClasses.ArrayTest@119cbf96]" started-at="2025-04-07T21:51:19 PDT" name="testValidPythonCodeBasicOpearations" data-provider="Validpythoncode" finished-at="2025-04-07T21:51:20 PDT" duration-ms="1034" status="PASS">
          <params>
            <param index="0">
              <value>
                <![CDATA[print('Hello World')]]>
              </value>
            </param>
            <param index="1">
              <value>
                <![CDATA[Hello World]]>
              </value>
            </param>
          </params>
          <reporter-output>
          </reporter-output>
        </test-method> <!-- testValidPythonCodeBasicOpearations -->
        <test-method is-config="true" signature="navigateToHomePage()[pri:0, instance:TestClasses.ArrayTest@119cbf96]" started-at="2025-04-07T21:51:20 PDT" name="navigateToHomePage" finished-at="2025-04-07T21:51:20 PDT" duration-ms="185" status="PASS">
          <reporter-output>
          </reporter-output>
        </test-method> <!-- navigateToHomePage -->
        <test-method is-config="true" signature="setupPages()[pri:0, instance:TestClasses.ArrayTest@119cbf96]" started-at="2025-04-07T21:51:20 PDT" name="setupPages" finished-at="2025-04-07T21:51:20 PDT" duration-ms="1" status="PASS">
          <reporter-output>
          </reporter-output>
        </test-method> <!-- setupPages -->
        <test-method signature="CheckingApplicationsofArraywithEmptyRun()[pri:12, instance:TestClasses.ArrayTest@119cbf96]" started-at="2025-04-07T21:51:20 PDT" name="CheckingApplicationsofArraywithEmptyRun" finished-at="2025-04-07T21:51:21 PDT" duration-ms="1088" status="PASS">
          <reporter-output>
          </reporter-output>
        </test-method> <!-- CheckingApplicationsofArraywithEmptyRun -->
        <test-method is-config="true" signature="navigateToHomePage()[pri:0, instance:TestClasses.ArrayTest@119cbf96]" started-at="2025-04-07T21:51:21 PDT" name="navigateToHomePage" finished-at="2025-04-07T21:51:21 PDT" duration-ms="169" status="PASS">
          <reporter-output>
          </reporter-output>
        </test-method> <!-- navigateToHomePage -->
        <test-method is-config="true" signature="setupPages()[pri:0, instance:TestClasses.ArrayTest@119cbf96]" started-at="2025-04-07T21:51:21 PDT" name="setupPages" finished-at="2025-04-07T21:51:21 PDT" duration-ms="2" status="PASS">
          <reporter-output>
          </reporter-output>
        </test-method> <!-- setupPages -->
        <test-method signature="testInvalidPythonCodeApplicationsofArray(java.lang.String,java.lang.String)[pri:13, instance:TestClasses.ArrayTest@119cbf96]" started-at="2025-04-07T21:51:21 PDT" name="testInvalidPythonCodeApplicationsofArray" data-provider="Invalidpythoncode" finished-at="2025-04-07T21:51:22 PDT" duration-ms="996" status="PASS">
          <params>
            <param index="0">
              <value>
                <![CDATA[System.out.println('Hello World')]]>
              </value>
            </param>
            <param index="1">
              <value>
                <![CDATA[NameError: name 'System' is not defined on line 1]]>
              </value>
            </param>
          </params>
          <reporter-output>
          </reporter-output>
        </test-method> <!-- testInvalidPythonCodeApplicationsofArray -->
        <test-method is-config="true" signature="navigateToHomePage()[pri:0, instance:TestClasses.ArrayTest@119cbf96]" started-at="2025-04-07T21:51:22 PDT" name="navigateToHomePage" finished-at="2025-04-07T21:51:22 PDT" duration-ms="185" status="PASS">
          <reporter-output>
          </reporter-output>
        </test-method> <!-- navigateToHomePage -->
        <test-method is-config="true" signature="setupPages()[pri:0, instance:TestClasses.ArrayTest@119cbf96]" started-at="2025-04-07T21:51:22 PDT" name="setupPages" finished-at="2025-04-07T21:51:22 PDT" duration-ms="1" status="PASS">
          <reporter-output>
          </reporter-output>
        </test-method> <!-- setupPages -->
        <test-method signature="testValidPythonCodeApplicationsofArray(java.lang.String,java.lang.String)[pri:14, instance:TestClasses.ArrayTest@119cbf96]" started-at="2025-04-07T21:51:22 PDT" name="testValidPythonCodeApplicationsofArray" data-provider="Validpythoncode" finished-at="2025-04-07T21:51:24 PDT" duration-ms="1070" status="PASS">
          <params>
            <param index="0">
              <value>
                <![CDATA[print('Hello World')]]>
              </value>
            </param>
            <param index="1">
              <value>
                <![CDATA[Hello World]]>
              </value>
            </param>
          </params>
          <reporter-output>
          </reporter-output>
        </test-method> <!-- testValidPythonCodeApplicationsofArray -->
        <test-method is-config="true" signature="navigateToHomePage()[pri:0, instance:TestClasses.ArrayTest@119cbf96]" started-at="2025-04-07T21:51:24 PDT" name="navigateToHomePage" finished-at="2025-04-07T21:51:24 PDT" duration-ms="206" status="PASS">
          <reporter-output>
          </reporter-output>
        </test-method> <!-- navigateToHomePage -->
        <test-method is-config="true" signature="setupPages()[pri:0, instance:TestClasses.ArrayTest@119cbf96]" started-at="2025-04-07T21:51:24 PDT" name="setupPages" finished-at="2025-04-07T21:51:24 PDT" duration-ms="0" status="PASS">
          <reporter-output>
          </reporter-output>
        </test-method> <!-- setupPages -->
        <test-method signature="checkPracticeQns()[pri:15, instance:TestClasses.ArrayTest@119cbf96]" started-at="2025-04-07T21:51:24 PDT" name="checkPracticeQns" finished-at="2025-04-07T21:51:24 PDT" duration-ms="687" status="PASS">
          <reporter-output>
          </reporter-output>
        </test-method> <!-- checkPracticeQns -->
        <test-method signature="testvalidPythonCode_SearchtheArray(java.lang.String,java.lang.String)[pri:16, instance:TestClasses.ArrayTest@119cbf96]" started-at="2025-04-07T21:51:24 PDT" name="testvalidPythonCode_SearchtheArray" data-provider="PracticeQSearchthearray" finished-at="2025-04-07T21:51:24 PDT" duration-ms="0" status="SKIP">
          <exception class="java.lang.RuntimeException">
            <message>
              <![CDATA[java.lang.ArrayIndexOutOfBoundsException: Index 16383 out of bounds for length 100]]>
            </message>
            <full-stacktrace>
              <![CDATA[java.lang.RuntimeException: java.lang.ArrayIndexOutOfBoundsException: Index 16383 out of bounds for length 100
at org.testng.internal.MethodInvocationHelper.invokeMethodNoCheckedException(MethodInvocationHelper.java:50)
at org.testng.internal.MethodInvocationHelper.invokeDataProvider(MethodInvocationHelper.java:146)
at org.testng.internal.Parameters.handleParameters(Parameters.java:798)
at org.testng.internal.Parameters.handleParameters(Parameters.java:740)
at org.testng.internal.ParameterHandler.handleParameters(ParameterHandler.java:59)
at org.testng.internal.ParameterHandler.createParameters(ParameterHandler.java:38)
at org.testng.internal.TestInvoker$MethodInvocationAgent.invoke(TestInvoker.java:791)
at org.testng.internal.TestInvoker.invokeTestMethods(TestInvoker.java:146)
at org.testng.internal.TestMethodWorker.invokeTestMethods(TestMethodWorker.java:146)
at org.testng.internal.TestMethodWorker.run(TestMethodWorker.java:128)
at java.base/java.util.ArrayList.forEach(ArrayList.java:1597)
at org.testng.TestRunner.privateRun(TestRunner.java:794)
at org.testng.TestRunner.run(TestRunner.java:596)
at org.testng.SuiteRunner.runTest(SuiteRunner.java:377)
at org.testng.SuiteRunner.runSequentially(SuiteRunner.java:371)
at org.testng.SuiteRunner.privateRun(SuiteRunner.java:332)
at org.testng.SuiteRunner.run(SuiteRunner.java:276)
at org.testng.SuiteRunnerWorker.runSuite(SuiteRunnerWorker.java:53)
at org.testng.SuiteRunnerWorker.run(SuiteRunnerWorker.java:96)
at org.testng.TestNG.runSuitesSequentially(TestNG.java:1212)
at org.testng.TestNG.runSuitesLocally(TestNG.java:1134)
at org.testng.TestNG.runSuites(TestNG.java:1063)
at org.testng.TestNG.run(TestNG.java:1031)
at org.testng.remote.AbstractRemoteTestNG.run(AbstractRemoteTestNG.java:115)
at org.testng.remote.RemoteTestNG.initAndRun(RemoteTestNG.java:293)
at org.testng.remote.RemoteTestNG.main(RemoteTestNG.java:91)
Caused by: java.lang.ArrayIndexOutOfBoundsException: Index 16383 out of bounds for length 100
at Utilities.Excelreaderpython.readpracticeques(Excelreaderpython.java:112)
at Utilities.Excelreaderpython.getArraypracticeques(Excelreaderpython.java:80)
at Utilities.Dataprovider.practiceqsearchthearray(Dataprovider.java:42)
at java.base/jdk.internal.reflect.DirectMethodHandleAccessor.invoke(DirectMethodHandleAccessor.java:103)
at java.base/java.lang.reflect.Method.invoke(Method.java:580)
at org.testng.internal.MethodInvocationHelper.invokeMethod(MethodInvocationHelper.java:133)
at org.testng.internal.MethodInvocationHelper.invokeMethod(MethodInvocationHelper.java:77)
at org.testng.internal.MethodInvocationHelper.invokeMethodNoCheckedException(MethodInvocationHelper.java:46)
... 25 more
]]>
            </full-stacktrace>
          </exception> <!-- java.lang.RuntimeException -->
          <reporter-output>
          </reporter-output>
        </test-method> <!-- testvalidPythonCode_SearchtheArray -->
        <test-method signature="testvalidPythonCode_MaxConones(java.lang.String,java.lang.String)[pri:17, instance:TestClasses.ArrayTest@119cbf96]" started-at="2025-04-07T21:51:24 PDT" name="testvalidPythonCode_MaxConones" data-provider="PracticeQMaxConsones" finished-at="2025-04-07T21:51:24 PDT" duration-ms="0" status="SKIP">
          <exception class="java.lang.RuntimeException">
            <message>
              <![CDATA[java.lang.ArrayIndexOutOfBoundsException: Index 16383 out of bounds for length 100]]>
            </message>
            <full-stacktrace>
              <![CDATA[java.lang.RuntimeException: java.lang.ArrayIndexOutOfBoundsException: Index 16383 out of bounds for length 100
at org.testng.internal.MethodInvocationHelper.invokeMethodNoCheckedException(MethodInvocationHelper.java:50)
at org.testng.internal.MethodInvocationHelper.invokeDataProvider(MethodInvocationHelper.java:146)
at org.testng.internal.Parameters.handleParameters(Parameters.java:798)
at org.testng.internal.Parameters.handleParameters(Parameters.java:740)
at org.testng.internal.ParameterHandler.handleParameters(ParameterHandler.java:59)
at org.testng.internal.ParameterHandler.createParameters(ParameterHandler.java:38)
at org.testng.internal.TestInvoker$MethodInvocationAgent.invoke(TestInvoker.java:791)
at org.testng.internal.TestInvoker.invokeTestMethods(TestInvoker.java:146)
at org.testng.internal.TestMethodWorker.invokeTestMethods(TestMethodWorker.java:146)
at org.testng.internal.TestMethodWorker.run(TestMethodWorker.java:128)
at java.base/java.util.ArrayList.forEach(ArrayList.java:1597)
at org.testng.TestRunner.privateRun(TestRunner.java:794)
at org.testng.TestRunner.run(TestRunner.java:596)
at org.testng.SuiteRunner.runTest(SuiteRunner.java:377)
at org.testng.SuiteRunner.runSequentially(SuiteRunner.java:371)
at org.testng.SuiteRunner.privateRun(SuiteRunner.java:332)
at org.testng.SuiteRunner.run(SuiteRunner.java:276)
at org.testng.SuiteRunnerWorker.runSuite(SuiteRunnerWorker.java:53)
at org.testng.SuiteRunnerWorker.run(SuiteRunnerWorker.java:96)
at org.testng.TestNG.runSuitesSequentially(TestNG.java:1212)
at org.testng.TestNG.runSuitesLocally(TestNG.java:1134)
at org.testng.TestNG.runSuites(TestNG.java:1063)
at org.testng.TestNG.run(TestNG.java:1031)
at org.testng.remote.AbstractRemoteTestNG.run(AbstractRemoteTestNG.java:115)
at org.testng.remote.RemoteTestNG.initAndRun(RemoteTestNG.java:293)
at org.testng.remote.RemoteTestNG.main(RemoteTestNG.java:91)
Caused by: java.lang.ArrayIndexOutOfBoundsException: Index 16383 out of bounds for length 100
at Utilities.Excelreaderpython.readpracticeques(Excelreaderpython.java:112)
at Utilities.Excelreaderpython.getArraypracticeques(Excelreaderpython.java:80)
at Utilities.Dataprovider.practiceqmaxconsones(Dataprovider.java:55)
at java.base/jdk.internal.reflect.DirectMethodHandleAccessor.invoke(DirectMethodHandleAccessor.java:103)
at java.base/java.lang.reflect.Method.invoke(Method.java:580)
at org.testng.internal.MethodInvocationHelper.invokeMethod(MethodInvocationHelper.java:133)
at org.testng.internal.MethodInvocationHelper.invokeMethod(MethodInvocationHelper.java:77)
at org.testng.internal.MethodInvocationHelper.invokeMethodNoCheckedException(MethodInvocationHelper.java:46)
... 25 more
]]>
            </full-stacktrace>
          </exception> <!-- java.lang.RuntimeException -->
          <reporter-output>
          </reporter-output>
        </test-method> <!-- testvalidPythonCode_MaxConones -->
        <test-method signature="testvalidPythonCode_EvenNums(java.lang.String,java.lang.String)[pri:18, instance:TestClasses.ArrayTest@119cbf96]" started-at="2025-04-07T21:51:25 PDT" name="testvalidPythonCode_EvenNums" data-provider="PracticeQEvennums" finished-at="2025-04-07T21:51:25 PDT" duration-ms="0" status="SKIP">
          <exception class="java.lang.RuntimeException">
            <message>
              <![CDATA[java.lang.ArrayIndexOutOfBoundsException: Index 16383 out of bounds for length 100]]>
            </message>
            <full-stacktrace>
              <![CDATA[java.lang.RuntimeException: java.lang.ArrayIndexOutOfBoundsException: Index 16383 out of bounds for length 100
at org.testng.internal.MethodInvocationHelper.invokeMethodNoCheckedException(MethodInvocationHelper.java:50)
at org.testng.internal.MethodInvocationHelper.invokeDataProvider(MethodInvocationHelper.java:146)
at org.testng.internal.Parameters.handleParameters(Parameters.java:798)
at org.testng.internal.Parameters.handleParameters(Parameters.java:740)
at org.testng.internal.ParameterHandler.handleParameters(ParameterHandler.java:59)
at org.testng.internal.ParameterHandler.createParameters(ParameterHandler.java:38)
at org.testng.internal.TestInvoker$MethodInvocationAgent.invoke(TestInvoker.java:791)
at org.testng.internal.TestInvoker.invokeTestMethods(TestInvoker.java:146)
at org.testng.internal.TestMethodWorker.invokeTestMethods(TestMethodWorker.java:146)
at org.testng.internal.TestMethodWorker.run(TestMethodWorker.java:128)
at java.base/java.util.ArrayList.forEach(ArrayList.java:1597)
at org.testng.TestRunner.privateRun(TestRunner.java:794)
at org.testng.TestRunner.run(TestRunner.java:596)
at org.testng.SuiteRunner.runTest(SuiteRunner.java:377)
at org.testng.SuiteRunner.runSequentially(SuiteRunner.java:371)
at org.testng.SuiteRunner.privateRun(SuiteRunner.java:332)
at org.testng.SuiteRunner.run(SuiteRunner.java:276)
at org.testng.SuiteRunnerWorker.runSuite(SuiteRunnerWorker.java:53)
at org.testng.SuiteRunnerWorker.run(SuiteRunnerWorker.java:96)
at org.testng.TestNG.runSuitesSequentially(TestNG.java:1212)
at org.testng.TestNG.runSuitesLocally(TestNG.java:1134)
at org.testng.TestNG.runSuites(TestNG.java:1063)
at org.testng.TestNG.run(TestNG.java:1031)
at org.testng.remote.AbstractRemoteTestNG.run(AbstractRemoteTestNG.java:115)
at org.testng.remote.RemoteTestNG.initAndRun(RemoteTestNG.java:293)
at org.testng.remote.RemoteTestNG.main(RemoteTestNG.java:91)
Caused by: java.lang.ArrayIndexOutOfBoundsException: Index 16383 out of bounds for length 100
at Utilities.Excelreaderpython.readpracticeques(Excelreaderpython.java:112)
at Utilities.Excelreaderpython.getArraypracticeques(Excelreaderpython.java:80)
at Utilities.Dataprovider.practiceqevennums(Dataprovider.java:66)
at java.base/jdk.internal.reflect.DirectMethodHandleAccessor.invoke(DirectMethodHandleAccessor.java:103)
at java.base/java.lang.reflect.Method.invoke(Method.java:580)
at org.testng.internal.MethodInvocationHelper.invokeMethod(MethodInvocationHelper.java:133)
at org.testng.internal.MethodInvocationHelper.invokeMethod(MethodInvocationHelper.java:77)
at org.testng.internal.MethodInvocationHelper.invokeMethodNoCheckedException(MethodInvocationHelper.java:46)
... 25 more
]]>
            </full-stacktrace>
          </exception> <!-- java.lang.RuntimeException -->
          <reporter-output>
          </reporter-output>
        </test-method> <!-- testvalidPythonCode_EvenNums -->
        <test-method signature="testvalidPythonCode_SortedArray(java.lang.String,java.lang.String)[pri:19, instance:TestClasses.ArrayTest@119cbf96]" started-at="2025-04-07T21:51:25 PDT" name="testvalidPythonCode_SortedArray" data-provider="PracticeQSQofsortedarray" finished-at="2025-04-07T21:51:25 PDT" duration-ms="0" status="SKIP">
          <exception class="java.lang.RuntimeException">
            <message>
              <![CDATA[java.lang.ArrayIndexOutOfBoundsException: Index 16383 out of bounds for length 100]]>
            </message>
            <full-stacktrace>
              <![CDATA[java.lang.RuntimeException: java.lang.ArrayIndexOutOfBoundsException: Index 16383 out of bounds for length 100
at org.testng.internal.MethodInvocationHelper.invokeMethodNoCheckedException(MethodInvocationHelper.java:50)
at org.testng.internal.MethodInvocationHelper.invokeDataProvider(MethodInvocationHelper.java:146)
at org.testng.internal.Parameters.handleParameters(Parameters.java:798)
at org.testng.internal.Parameters.handleParameters(Parameters.java:740)
at org.testng.internal.ParameterHandler.handleParameters(ParameterHandler.java:59)
at org.testng.internal.ParameterHandler.createParameters(ParameterHandler.java:38)
at org.testng.internal.TestInvoker$MethodInvocationAgent.invoke(TestInvoker.java:791)
at org.testng.internal.TestInvoker.invokeTestMethods(TestInvoker.java:146)
at org.testng.internal.TestMethodWorker.invokeTestMethods(TestMethodWorker.java:146)
at org.testng.internal.TestMethodWorker.run(TestMethodWorker.java:128)
at java.base/java.util.ArrayList.forEach(ArrayList.java:1597)
at org.testng.TestRunner.privateRun(TestRunner.java:794)
at org.testng.TestRunner.run(TestRunner.java:596)
at org.testng.SuiteRunner.runTest(SuiteRunner.java:377)
at org.testng.SuiteRunner.runSequentially(SuiteRunner.java:371)
at org.testng.SuiteRunner.privateRun(SuiteRunner.java:332)
at org.testng.SuiteRunner.run(SuiteRunner.java:276)
at org.testng.SuiteRunnerWorker.runSuite(SuiteRunnerWorker.java:53)
at org.testng.SuiteRunnerWorker.run(SuiteRunnerWorker.java:96)
at org.testng.TestNG.runSuitesSequentially(TestNG.java:1212)
at org.testng.TestNG.runSuitesLocally(TestNG.java:1134)
at org.testng.TestNG.runSuites(TestNG.java:1063)
at org.testng.TestNG.run(TestNG.java:1031)
at org.testng.remote.AbstractRemoteTestNG.run(AbstractRemoteTestNG.java:115)
at org.testng.remote.RemoteTestNG.initAndRun(RemoteTestNG.java:293)
at org.testng.remote.RemoteTestNG.main(RemoteTestNG.java:91)
Caused by: java.lang.ArrayIndexOutOfBoundsException: Index 16383 out of bounds for length 100
at Utilities.Excelreaderpython.readpracticeques(Excelreaderpython.java:112)
at Utilities.Excelreaderpython.getArraypracticeques(Excelreaderpython.java:80)
at Utilities.Dataprovider.practiceqsqofsortedarray(Dataprovider.java:78)
at java.base/jdk.internal.reflect.DirectMethodHandleAccessor.invoke(DirectMethodHandleAccessor.java:103)
at java.base/java.lang.reflect.Method.invoke(Method.java:580)
at org.testng.internal.MethodInvocationHelper.invokeMethod(MethodInvocationHelper.java:133)
at org.testng.internal.MethodInvocationHelper.invokeMethod(MethodInvocationHelper.java:77)
at org.testng.internal.MethodInvocationHelper.invokeMethodNoCheckedException(MethodInvocationHelper.java:46)
... 25 more
]]>
            </full-stacktrace>
          </exception> <!-- java.lang.RuntimeException -->
          <reporter-output>
          </reporter-output>
        </test-method> <!-- testvalidPythonCode_SortedArray -->
        <test-method is-config="true" signature="tearDown()[pri:0, instance:TestClasses.ArrayTest@119cbf96]" started-at="2025-04-07T21:51:25 PDT" name="tearDown" finished-at="2025-04-07T21:51:25 PDT" duration-ms="145" status="PASS">
          <reporter-output>
          </reporter-output>
        </test-method> <!-- tearDown -->
      </class> <!-- TestClasses.ArrayTest -->
    </test> <!-- Default test -->
  </suite> <!-- Default suite -->
</testng-results>
