<?xml version="1.0" encoding="UTF-8"?>
<testng-results ignored="0" total="7" passed="7" failed="0" skipped="0">
  <reporter-output>
  </reporter-output>
  <suite started-at="2025-04-05T03:01:46 PDT" name="Default suite" finished-at="2025-04-05T03:02:21 PDT" duration-ms="35110">
    <groups>
    </groups>
    <test started-at="2025-04-05T03:01:46 PDT" name="Default test" finished-at="2025-04-05T03:02:21 PDT" duration-ms="35110">
      <class name="TestClasses.GraphTest">
        <test-method is-config="true" signature="setUp(java.lang.String)[pri:0, instance:TestClasses.GraphTest@35e52059]" started-at="2025-04-05T03:01:46 PDT" name="setUp" finished-at="2025-04-05T03:01:46 PDT" duration-ms="24" status="PASS">
          <params>
            <param index="0">
              <value>
                <![CDATA[chrome]]>
              </value>
            </param>
          </params>
          <reporter-output>
          </reporter-output>
        </test-method> <!-- setUp -->
        <test-method is-config="true" signature="navigateToHomePage()[pri:0, instance:TestClasses.GraphTest@35e52059]" started-at="2025-04-05T03:01:46 PDT" name="navigateToHomePage" finished-at="2025-04-05T03:01:47 PDT" duration-ms="756" status="PASS">
          <reporter-output>
          </reporter-output>
        </test-method> <!-- navigateToHomePage -->
        <test-method signature="GraphFromGetStarted()[pri:1, instance:TestClasses.GraphTest@35e52059]" started-at="2025-04-05T03:01:47 PDT" name="GraphFromGetStarted" finished-at="2025-04-05T03:01:49 PDT" duration-ms="2661" status="PASS">
          <reporter-output>
          </reporter-output>
        </test-method> <!-- GraphFromGetStarted -->
        <test-method is-config="true" signature="navigateToHomePage()[pri:0, instance:TestClasses.GraphTest@35e52059]" started-at="2025-04-05T03:01:49 PDT" name="navigateToHomePage" finished-at="2025-04-05T03:01:50 PDT" duration-ms="241" status="PASS">
          <reporter-output>
          </reporter-output>
        </test-method> <!-- navigateToHomePage -->
        <test-method signature="GraphfromDropdown()[pri:2, instance:TestClasses.GraphTest@35e52059]" started-at="2025-04-05T03:01:50 PDT" name="GraphfromDropdown" finished-at="2025-04-05T03:01:50 PDT" duration-ms="565" status="PASS">
          <reporter-output>
          </reporter-output>
        </test-method> <!-- GraphfromDropdown -->
        <test-method is-config="true" signature="navigateToHomePage()[pri:0, instance:TestClasses.GraphTest@35e52059]" started-at="2025-04-05T03:01:50 PDT" name="navigateToHomePage" finished-at="2025-04-05T03:01:51 PDT" duration-ms="273" status="PASS">
          <reporter-output>
          </reporter-output>
        </test-method> <!-- navigateToHomePage -->
        <test-method signature="checkingGraphLink()[pri:3, instance:TestClasses.GraphTest@35e52059]" started-at="2025-04-05T03:01:51 PDT" name="checkingGraphLink" finished-at="2025-04-05T03:01:51 PDT" duration-ms="418" status="PASS">
          <reporter-output>
          </reporter-output>
        </test-method> <!-- checkingGraphLink -->
        <test-method is-config="true" signature="navigateToHomePage()[pri:0, instance:TestClasses.GraphTest@35e52059]" started-at="2025-04-05T03:01:51 PDT" name="navigateToHomePage" finished-at="2025-04-05T03:01:51 PDT" duration-ms="249" status="PASS">
          <reporter-output>
          </reporter-output>
        </test-method> <!-- navigateToHomePage -->
        <test-method signature="checkingPracticeQnPage()[pri:4, instance:TestClasses.GraphTest@35e52059]" started-at="2025-04-05T03:01:51 PDT" name="checkingPracticeQnPage" finished-at="2025-04-05T03:01:53 PDT" duration-ms="1542" status="PASS">
          <reporter-output>
          </reporter-output>
        </test-method> <!-- checkingPracticeQnPage -->
        <test-method is-config="true" signature="navigateToHomePage()[pri:0, instance:TestClasses.GraphTest@35e52059]" started-at="2025-04-05T03:01:53 PDT" name="navigateToHomePage" finished-at="2025-04-05T03:01:53 PDT" duration-ms="225" status="PASS">
          <reporter-output>
          </reporter-output>
        </test-method> <!-- navigateToHomePage -->
        <test-method signature="checkingGraphRepresentationLink()[pri:5, instance:TestClasses.GraphTest@35e52059]" started-at="2025-04-05T03:01:53 PDT" name="checkingGraphRepresentationLink" finished-at="2025-04-05T03:02:01 PDT" duration-ms="7702" status="PASS">
          <reporter-output>
          </reporter-output>
        </test-method> <!-- checkingGraphRepresentationLink -->
        <test-method is-config="true" signature="navigateToHomePage()[pri:0, instance:TestClasses.GraphTest@35e52059]" started-at="2025-04-05T03:02:05 PDT" name="navigateToHomePage" finished-at="2025-04-05T03:02:05 PDT" duration-ms="270" status="PASS">
          <reporter-output>
          </reporter-output>
        </test-method> <!-- navigateToHomePage -->
        <test-method signature="testInvalidPythonCode(java.lang.String,java.lang.String)[pri:6, instance:TestClasses.GraphTest@35e52059]" started-at="2025-04-05T03:02:05 PDT" name="testInvalidPythonCode" data-provider="Invalidpythoncode" finished-at="2025-04-05T03:02:12 PDT" duration-ms="6957" status="PASS">
          <params>
            <param index="0">
              <value>
                <![CDATA[System.out.println('Hello World')]]>
              </value>
            </param>
            <param index="1">
              <value>
                <![CDATA[NameError: name 'System' is not defined on line 1]]>
              </value>
            </param>
          </params>
          <reporter-output>
          </reporter-output>
        </test-method> <!-- testInvalidPythonCode -->
        <test-method is-config="true" signature="navigateToHomePage()[pri:0, instance:TestClasses.GraphTest@35e52059]" started-at="2025-04-05T03:02:14 PDT" name="navigateToHomePage" finished-at="2025-04-05T03:02:14 PDT" duration-ms="295" status="PASS">
          <reporter-output>
          </reporter-output>
        </test-method> <!-- navigateToHomePage -->
        <test-method signature="testvalidPythonCode(java.lang.String,java.lang.String)[pri:7, instance:TestClasses.GraphTest@35e52059]" started-at="2025-04-05T03:02:14 PDT" name="testvalidPythonCode" data-provider="Validpythoncode" finished-at="2025-04-05T03:02:21 PDT" duration-ms="6866" status="PASS">
          <params>
            <param index="0">
              <value>
                <![CDATA[print('Hello World')]]>
              </value>
            </param>
            <param index="1">
              <value>
                <![CDATA[Hello World]]>
              </value>
            </param>
          </params>
          <reporter-output>
          </reporter-output>
        </test-method> <!-- testvalidPythonCode -->
        <test-method is-config="true" signature="afterClass()[pri:0, instance:TestClasses.GraphTest@35e52059]" started-at="2025-04-05T03:02:21 PDT" name="afterClass" finished-at="2025-04-05T03:02:21 PDT" duration-ms="214" status="PASS">
          <reporter-output>
          </reporter-output>
        </test-method> <!-- afterClass -->
      </class> <!-- TestClasses.GraphTest -->
    </test> <!-- Default test -->
  </suite> <!-- Default suite -->
</testng-results>
