<?xml version="1.0" encoding="UTF-8"?>
<!-- Generated by org.testng.reporters.JUnitXMLReporter -->
<testsuite ignored="0" hostname="LenovoRRB" failures="0" tests="123" name="EdgeTest" time="196.378" errors="0" timestamp="2025-04-07T14:24:57 CDT">
  <testcase classname="TestClasses.DataStructureTest" name="dataStructureIntroduction" time="1.213"/>
  <testcase classname="TestClasses.DataStructureTest" name="checkPracticeQuestionsPage" time="0.632"/>
  <testcase classname="TestClasses.DataStructureTest" name="checkTimeComplexityLinkAndEmptyRun" time="1.338"/>
  <testcase classname="TestClasses.DataStructureTest" name="testInvalidPythonCode" time="1.62"/>
  <testcase classname="TestClasses.DataStructureTest" name="testValidPythonCode" time="1.488"/>
  <testcase classname="TestClasses.LinkedListTest" name="LinkedListFromGetStarted" time="1.304"/>
  <testcase classname="TestClasses.LinkedListTest" name="LinkedListFromDropdown" time="0.353"/>
  <testcase classname="TestClasses.LinkedListTest" name="checkingIntro" time="0.395"/>
  <testcase classname="TestClasses.LinkedListTest" name="checkingAllOtherLinks" time="0.28"/>
  <testcase classname="TestClasses.LinkedListTest" name="checkingAllOtherLinks" time="0.674"/>
  <testcase classname="TestClasses.LinkedListTest" name="checkingAllOtherLinks" time="0.529"/>
  <testcase classname="TestClasses.LinkedListTest" name="checkingAllOtherLinks" time="0.459"/>
  <testcase classname="TestClasses.LinkedListTest" name="checkingAllOtherLinks" time="0.446"/>
  <testcase classname="TestClasses.LinkedListTest" name="checkingAllOtherLinks" time="0.395"/>
  <testcase classname="TestClasses.LinkedListTest" name="testValidPythonCode_Intro" time="1.914"/>
  <testcase classname="TestClasses.LinkedListTest" name="testInvalidPythonCode_Intro" time="1.59"/>
  <testcase classname="TestClasses.LinkedListTest" name="emptyInput_Intro" time="1.434"/>
  <testcase classname="TestClasses.LinkedListTest" name="testValidPythonCode_CreatingLinkedList" time="1.944"/>
  <testcase classname="TestClasses.LinkedListTest" name="testInvalidPythonCode_CreatingLinkedList" time="1.294"/>
  <testcase classname="TestClasses.LinkedListTest" name="emptyInput_CreatingLinkedList" time="1.326"/>
  <testcase classname="TestClasses.LinkedListTest" name="testValidPythonCode_TypesofLinkedlist" time="1.248"/>
  <testcase classname="TestClasses.LinkedListTest" name="testInvalidPythonCode_TypesofLinkedlist" time="1.343"/>
  <testcase classname="TestClasses.LinkedListTest" name="emptyInput_TypesofLinkedlist" time="1.356"/>
  <testcase classname="TestClasses.LinkedListTest" name="testValidPythonCode_ImplLinkedListInPython" time="1.782"/>
  <testcase classname="TestClasses.LinkedListTest" name="testInvalidPythonCode_ImplLinkedListInPython" time="1.303"/>
  <testcase classname="TestClasses.LinkedListTest" name="emptyInput_ImplLinkedListInPython" time="1.259"/>
  <testcase classname="TestClasses.LinkedListTest" name="testValidPythonCode_Traversal" time="1.459"/>
  <testcase classname="TestClasses.LinkedListTest" name="testInvalidPythonCode_Traversal" time="1.79"/>
  <testcase classname="TestClasses.LinkedListTest" name="emptyInput_Traversal" time="1.275"/>
  <testcase classname="TestClasses.LinkedListTest" name="testValidPythonCode_Insertion" time="1.521"/>
  <testcase classname="TestClasses.LinkedListTest" name="testInvalidPythonCode_Insertion" time="1.571"/>
  <testcase classname="TestClasses.LinkedListTest" name="emptyInput_Insertion" time="1.146"/>
  <testcase classname="TestClasses.LinkedListTest" name="testValidPythonCode_Deletion" time="1.017"/>
  <testcase classname="TestClasses.LinkedListTest" name="testInvalidPythonCode_Deletion" time="1.248"/>
  <testcase classname="TestClasses.LinkedListTest" name="emptyInput_Deletion" time="1.035"/>
  <testcase classname="TestClasses.LinkedListTest" name="checkPracticeQuestions" time="0.97"/>
  <testcase classname="TestClasses.StackTest" name="testLoginAndNavigateToStack" time="1.102"/>
  <testcase classname="TestClasses.StackTest" name="checkOperationInStack" time="1.295"/>
  <testcase classname="TestClasses.StackTest" name="testInvalidPythonCode" time="1.043"/>
  <testcase classname="TestClasses.StackTest" name="testValidPythonCode" time="1.184"/>
  <testcase classname="TestClasses.StackTest" name="checkPracticeQns" time="0.817"/>
  <testcase classname="TestClasses.StackTest" name="checkImplementation" time="1.182"/>
  <testcase classname="TestClasses.StackTest" name="testImplementationInvalidPythonCode" time="1.131"/>
  <testcase classname="TestClasses.StackTest" name="testImplementationValidPythonCode" time="1.49"/>
  <testcase classname="TestClasses.StackTest" name="checkApplications" time="1.208"/>
  <testcase classname="TestClasses.StackTest" name="testApplicationsInvalidPythonCode" time="1.211"/>
  <testcase classname="TestClasses.StackTest" name="testApplicationsValidPythonCode" time="1.197"/>
  <testcase classname="TestClasses.QueueTest" name="testQueueGetStarted" time="1.027"/>
  <testcase classname="TestClasses.QueueTest" name="checkImplementationofQueueinPython" time="1.297"/>
  <testcase classname="TestClasses.QueueTest" name="testInvalidPythonCode" time="1.069"/>
  <testcase classname="TestClasses.QueueTest" name="testValidPythonCode" time="1.186"/>
  <testcase classname="TestClasses.QueueTest" name="checkPracticeQns" time="0.981"/>
  <testcase classname="TestClasses.QueueTest" name="checkImplementationUsingCollectionsDequeue" time="1.464"/>
  <testcase classname="TestClasses.QueueTest" name="testImplementationUsingCollectionsDequeueInvalidPythonCode" time="1.624"/>
  <testcase classname="TestClasses.QueueTest" name="testImplementationUsingCollectionsDequeueValidPythonCode" time="1.3"/>
  <testcase classname="TestClasses.QueueTest" name="checkImplementationusingarray" time="1.725"/>
  <testcase classname="TestClasses.QueueTest" name="testImplementationusingarrayInvalidPythonCode" time="1.273"/>
  <testcase classname="TestClasses.QueueTest" name="testImplementationusingarrayValidPythonCode" time="1.679"/>
  <testcase classname="TestClasses.QueueTest" name="checkQueueOperations" time="1.498"/>
  <testcase classname="TestClasses.QueueTest" name="testQueueOperationsInvalidPythonCode" time="1.392"/>
  <testcase classname="TestClasses.QueueTest" name="testQueueOperationsValidPythonCode" time="1.574"/>
  <testcase classname="TestClasses.TreeTest" name="treeFromGetStarted" time="1.151"/>
  <testcase classname="TestClasses.TreeTest" name="treeFromDropdown" time="0.345"/>
  <testcase classname="TestClasses.TreeTest" name="checkingOverviewOfTrees" time="0.421"/>
  <testcase classname="TestClasses.TreeTest" name="checkingTerminologiesLink" time="0.312"/>
  <testcase classname="TestClasses.TreeTest" name="checkingTypesOfTrees" time="0.286"/>
  <testcase classname="TestClasses.TreeTest" name="checkingAllOtherLinks" time="0.33"/>
  <testcase classname="TestClasses.TreeTest" name="checkingAllOtherLinks" time="0.523"/>
  <testcase classname="TestClasses.TreeTest" name="checkingAllOtherLinks" time="0.414"/>
  <testcase classname="TestClasses.TreeTest" name="checkingAllOtherLinks" time="0.489"/>
  <testcase classname="TestClasses.TreeTest" name="checkingAllOtherLinks" time="0.403"/>
  <testcase classname="TestClasses.TreeTest" name="checkingAllOtherLinks" time="0.457"/>
  <testcase classname="TestClasses.TreeTest" name="checkingAllOtherLinks" time="0.391"/>
  <testcase classname="TestClasses.TreeTest" name="checkingAllOtherLinks" time="0.516"/>
  <testcase classname="TestClasses.TreeTest" name="checkingAllOtherLinks" time="0.55"/>
  <testcase classname="TestClasses.TreeTest" name="checkingAllOtherLinks" time="0.372"/>
  <testcase classname="TestClasses.TreeTest" name="testValidPythonCode" time="1.978"/>
  <testcase classname="TestClasses.TreeTest" name="testInvalidPythonCode_overviewofTrees" time="1.78"/>
  <testcase classname="TestClasses.TreeTest" name="emptyInput" time="1.439"/>
  <testcase classname="TestClasses.TreeTest" name="testValidPythonCode_Terminologies" time="2.085"/>
  <testcase classname="TestClasses.TreeTest" name="testInvalidPythonCode_Terminologies" time="1.706"/>
  <testcase classname="TestClasses.TreeTest" name="emptyInputforTerminologies" time="1.475"/>
  <testcase classname="TestClasses.TreeTest" name="emptyInputforTypesofTrees" time="1.51"/>
  <testcase classname="TestClasses.TreeTest" name="testValidPythonCode_TypesofTrees" time="1.269"/>
  <testcase classname="TestClasses.TreeTest" name="testInvalidPythonCode_TypesofTrees" time="1.787"/>
  <testcase classname="TestClasses.TreeTest" name="emptyInputforTreeTraversals" time="1.628"/>
  <testcase classname="TestClasses.TreeTest" name="testValidPythonCode_TreeTraversals" time="1.484"/>
  <testcase classname="TestClasses.TreeTest" name="testInvalidPythonCode_TreeTraversals" time="1.828"/>
  <testcase classname="TestClasses.TreeTest" name="emptyInputforTraversals_Illust" time="1.603"/>
  <testcase classname="TestClasses.TreeTest" name="testValidPythonCode_Traversals_Illust" time="1.925"/>
  <testcase classname="TestClasses.TreeTest" name="testInvalidPythonCode_Traversals_Illust" time="1.671"/>
  <testcase classname="TestClasses.TreeTest" name="emptyInputforBinaryTrees" time="2.284"/>
  <testcase classname="TestClasses.TreeTest" name="testValidPythonCode_BinaryTrees" time="1.609"/>
  <testcase classname="TestClasses.TreeTest" name="testInvalidPythonCode_BinaryTrees" time="1.756"/>
  <testcase classname="TestClasses.TreeTest" name="emptyInputforTypesofBinaryTrees" time="1.584"/>
  <testcase classname="TestClasses.TreeTest" name="testValidPythonCode_TypesofBinaryTrees" time="1.796"/>
  <testcase classname="TestClasses.TreeTest" name="testInvalidPythonCode_TypesofBinaryTrees" time="1.315"/>
  <testcase classname="TestClasses.TreeTest" name="emptyInputforImple_BinaryTrees" time="1.415"/>
  <testcase classname="TestClasses.TreeTest" name="testValidPythonCode_Imple_BinaryTrees" time="1.386"/>
  <testcase classname="TestClasses.TreeTest" name="testInvalidPythonCode_Imple_BinaryTrees" time="1.656"/>
  <testcase classname="TestClasses.TreeTest" name="emptyInputforImple_inpython" time="1.153"/>
  <testcase classname="TestClasses.TreeTest" name="testValidPythonCode_Imple_inpython" time="1.336"/>
  <testcase classname="TestClasses.TreeTest" name="testInvalidPythonCode_Imple_inpython" time="0.942"/>
  <testcase classname="TestClasses.TreeTest" name="emptyInputforBinaryTreeTraversal" time="1.07"/>
  <testcase classname="TestClasses.TreeTest" name="testValidPythonCode_BinaryTreeTraversal" time="1.012"/>
  <testcase classname="TestClasses.TreeTest" name="testInvalidPythonCode_BinaryTreeTraversal" time="1.486"/>
  <testcase classname="TestClasses.TreeTest" name="emptyInputforApplOfBinaryTrees" time="1.519"/>
  <testcase classname="TestClasses.TreeTest" name="testValidPythonCode_ApplOfBinaryTrees" time="1.136"/>
  <testcase classname="TestClasses.TreeTest" name="testInvalidPythonCode_ApplOfBinaryTrees" time="1.437"/>
  <testcase classname="TestClasses.TreeTest" name="emptyInputforBinarySearchTrees" time="1.478"/>
  <testcase classname="TestClasses.TreeTest" name="testValidPythonCode_BinarySearchTrees" time="1.426"/>
  <testcase classname="TestClasses.TreeTest" name="testInvalidPythonCode_BinarySearchTrees" time="1.629"/>
  <testcase classname="TestClasses.TreeTest" name="emptyInputforImpleOfBST" time="1.562"/>
  <testcase classname="TestClasses.TreeTest" name="testInvalidPythonCode_ImpleOfBST" time="1.302"/>
  <testcase classname="TestClasses.TreeTest" name="testValidPythonCode_ImpleOfBST" time="1.836"/>
  <testcase classname="TestClasses.TreeTest" name="checkPracticeQuestions" time="1.052"/>
  <testcase classname="TestClasses.GraphTest" name="GraphFromGetStarted" time="1.225"/>
  <testcase classname="TestClasses.GraphTest" name="GraphfromDropdown" time="0.393"/>
  <testcase classname="TestClasses.GraphTest" name="checkingGraphLink" time="0.242"/>
  <testcase classname="TestClasses.GraphTest" name="checkingPracticeQnPage" time="0.788"/>
  <testcase classname="TestClasses.GraphTest" name="checkingGraphRepresentationLink" time="1.476"/>
  <testcase classname="TestClasses.GraphTest" name="testInvalidPythonCode" time="1.5"/>
  <testcase classname="TestClasses.GraphTest" name="testvalidPythonCode" time="1.432"/>
</testsuite> <!-- EdgeTest -->
