<?xml version="1.0" encoding="UTF-8"?>
<!-- Generated by org.testng.reporters.JUnitXMLReporter -->
<testsuite ignored="0" hostname="LenovoRRB" failures="0" tests="123" name="FirefoxTest" time="176.197" errors="0" timestamp="2025-04-07T14:21:41 CDT">
  <testcase classname="TestClasses.DataStructureTest" name="dataStructureIntroduction" time="1.796"/>
  <testcase classname="TestClasses.DataStructureTest" name="checkPracticeQuestionsPage" time="0.524"/>
  <testcase classname="TestClasses.DataStructureTest" name="checkTimeComplexityLinkAndEmptyRun" time="2.251"/>
  <testcase classname="TestClasses.DataStructureTest" name="testInvalidPythonCode" time="1.203"/>
  <testcase classname="TestClasses.DataStructureTest" name="testValidPythonCode" time="1.221"/>
  <testcase classname="TestClasses.LinkedListTest" name="LinkedListFromGetStarted" time="1.381"/>
  <testcase classname="TestClasses.LinkedListTest" name="LinkedListFromDropdown" time="0.514"/>
  <testcase classname="TestClasses.LinkedListTest" name="checkingIntro" time="0.412"/>
  <testcase classname="TestClasses.LinkedListTest" name="checkingAllOtherLinks" time="0.223"/>
  <testcase classname="TestClasses.LinkedListTest" name="checkingAllOtherLinks" time="0.279"/>
  <testcase classname="TestClasses.LinkedListTest" name="checkingAllOtherLinks" time="0.331"/>
  <testcase classname="TestClasses.LinkedListTest" name="checkingAllOtherLinks" time="0.28"/>
  <testcase classname="TestClasses.LinkedListTest" name="checkingAllOtherLinks" time="0.249"/>
  <testcase classname="TestClasses.LinkedListTest" name="checkingAllOtherLinks" time="0.403"/>
  <testcase classname="TestClasses.LinkedListTest" name="testValidPythonCode_Intro" time="1.842"/>
  <testcase classname="TestClasses.LinkedListTest" name="testInvalidPythonCode_Intro" time="1.071"/>
  <testcase classname="TestClasses.LinkedListTest" name="emptyInput_Intro" time="1.097"/>
  <testcase classname="TestClasses.LinkedListTest" name="testValidPythonCode_CreatingLinkedList" time="1.369"/>
  <testcase classname="TestClasses.LinkedListTest" name="testInvalidPythonCode_CreatingLinkedList" time="1.003"/>
  <testcase classname="TestClasses.LinkedListTest" name="emptyInput_CreatingLinkedList" time="1.085"/>
  <testcase classname="TestClasses.LinkedListTest" name="testValidPythonCode_TypesofLinkedlist" time="1.356"/>
  <testcase classname="TestClasses.LinkedListTest" name="testInvalidPythonCode_TypesofLinkedlist" time="1.22"/>
  <testcase classname="TestClasses.LinkedListTest" name="emptyInput_TypesofLinkedlist" time="1.074"/>
  <testcase classname="TestClasses.LinkedListTest" name="testValidPythonCode_ImplLinkedListInPython" time="1.269"/>
  <testcase classname="TestClasses.LinkedListTest" name="testInvalidPythonCode_ImplLinkedListInPython" time="0.982"/>
  <testcase classname="TestClasses.LinkedListTest" name="emptyInput_ImplLinkedListInPython" time="1.073"/>
  <testcase classname="TestClasses.LinkedListTest" name="testValidPythonCode_Traversal" time="1.389"/>
  <testcase classname="TestClasses.LinkedListTest" name="testInvalidPythonCode_Traversal" time="0.977"/>
  <testcase classname="TestClasses.LinkedListTest" name="emptyInput_Traversal" time="1.049"/>
  <testcase classname="TestClasses.LinkedListTest" name="testValidPythonCode_Insertion" time="1.174"/>
  <testcase classname="TestClasses.LinkedListTest" name="testInvalidPythonCode_Insertion" time="1.008"/>
  <testcase classname="TestClasses.LinkedListTest" name="emptyInput_Insertion" time="1.043"/>
  <testcase classname="TestClasses.LinkedListTest" name="testValidPythonCode_Deletion" time="1.073"/>
  <testcase classname="TestClasses.LinkedListTest" name="testInvalidPythonCode_Deletion" time="0.991"/>
  <testcase classname="TestClasses.LinkedListTest" name="emptyInput_Deletion" time="1.084"/>
  <testcase classname="TestClasses.LinkedListTest" name="checkPracticeQuestions" time="0.669"/>
  <testcase classname="TestClasses.StackTest" name="testLoginAndNavigateToStack" time="1.062"/>
  <testcase classname="TestClasses.StackTest" name="checkOperationInStack" time="1.689"/>
  <testcase classname="TestClasses.StackTest" name="testInvalidPythonCode" time="1.056"/>
  <testcase classname="TestClasses.StackTest" name="testValidPythonCode" time="1.078"/>
  <testcase classname="TestClasses.StackTest" name="checkPracticeQns" time="0.635"/>
  <testcase classname="TestClasses.StackTest" name="checkImplementation" time="1.147"/>
  <testcase classname="TestClasses.StackTest" name="testImplementationInvalidPythonCode" time="0.927"/>
  <testcase classname="TestClasses.StackTest" name="testImplementationValidPythonCode" time="1.468"/>
  <testcase classname="TestClasses.StackTest" name="checkApplications" time="1.544"/>
  <testcase classname="TestClasses.StackTest" name="testApplicationsInvalidPythonCode" time="1.059"/>
  <testcase classname="TestClasses.StackTest" name="testApplicationsValidPythonCode" time="1.162"/>
  <testcase classname="TestClasses.QueueTest" name="testQueueGetStarted" time="1.081"/>
  <testcase classname="TestClasses.QueueTest" name="checkImplementationofQueueinPython" time="1.423"/>
  <testcase classname="TestClasses.QueueTest" name="testInvalidPythonCode" time="0.958"/>
  <testcase classname="TestClasses.QueueTest" name="testValidPythonCode" time="1.144"/>
  <testcase classname="TestClasses.QueueTest" name="checkPracticeQns" time="0.492"/>
  <testcase classname="TestClasses.QueueTest" name="checkImplementationUsingCollectionsDequeue" time="1.063"/>
  <testcase classname="TestClasses.QueueTest" name="testImplementationUsingCollectionsDequeueInvalidPythonCode" time="0.925"/>
  <testcase classname="TestClasses.QueueTest" name="testImplementationUsingCollectionsDequeueValidPythonCode" time="1.05"/>
  <testcase classname="TestClasses.QueueTest" name="checkImplementationusingarray" time="1.275"/>
  <testcase classname="TestClasses.QueueTest" name="testImplementationusingarrayInvalidPythonCode" time="0.898"/>
  <testcase classname="TestClasses.QueueTest" name="testImplementationusingarrayValidPythonCode" time="1.036"/>
  <testcase classname="TestClasses.QueueTest" name="checkQueueOperations" time="1.046"/>
  <testcase classname="TestClasses.QueueTest" name="testQueueOperationsInvalidPythonCode" time="0.898"/>
  <testcase classname="TestClasses.QueueTest" name="testQueueOperationsValidPythonCode" time="1.062"/>
  <testcase classname="TestClasses.TreeTest" name="treeFromGetStarted" time="1.039"/>
  <testcase classname="TestClasses.TreeTest" name="treeFromDropdown" time="0.401"/>
  <testcase classname="TestClasses.TreeTest" name="checkingOverviewOfTrees" time="0.309"/>
  <testcase classname="TestClasses.TreeTest" name="checkingTerminologiesLink" time="0.207"/>
  <testcase classname="TestClasses.TreeTest" name="checkingTypesOfTrees" time="0.22"/>
  <testcase classname="TestClasses.TreeTest" name="checkingAllOtherLinks" time="0.228"/>
  <testcase classname="TestClasses.TreeTest" name="checkingAllOtherLinks" time="0.254"/>
  <testcase classname="TestClasses.TreeTest" name="checkingAllOtherLinks" time="0.245"/>
  <testcase classname="TestClasses.TreeTest" name="checkingAllOtherLinks" time="0.399"/>
  <testcase classname="TestClasses.TreeTest" name="checkingAllOtherLinks" time="0.246"/>
  <testcase classname="TestClasses.TreeTest" name="checkingAllOtherLinks" time="0.287"/>
  <testcase classname="TestClasses.TreeTest" name="checkingAllOtherLinks" time="0.368"/>
  <testcase classname="TestClasses.TreeTest" name="checkingAllOtherLinks" time="0.295"/>
  <testcase classname="TestClasses.TreeTest" name="checkingAllOtherLinks" time="0.787"/>
  <testcase classname="TestClasses.TreeTest" name="checkingAllOtherLinks" time="0.461"/>
  <testcase classname="TestClasses.TreeTest" name="testValidPythonCode" time="1.583"/>
  <testcase classname="TestClasses.TreeTest" name="testInvalidPythonCode_overviewofTrees" time="1.194"/>
  <testcase classname="TestClasses.TreeTest" name="emptyInput" time="1.067"/>
  <testcase classname="TestClasses.TreeTest" name="testValidPythonCode_Terminologies" time="1.095"/>
  <testcase classname="TestClasses.TreeTest" name="testInvalidPythonCode_Terminologies" time="1.03"/>
  <testcase classname="TestClasses.TreeTest" name="emptyInputforTerminologies" time="1.098"/>
  <testcase classname="TestClasses.TreeTest" name="emptyInputforTypesofTrees" time="1.155"/>
  <testcase classname="TestClasses.TreeTest" name="testValidPythonCode_TypesofTrees" time="1.27"/>
  <testcase classname="TestClasses.TreeTest" name="testInvalidPythonCode_TypesofTrees" time="1.209"/>
  <testcase classname="TestClasses.TreeTest" name="emptyInputforTreeTraversals" time="1.123"/>
  <testcase classname="TestClasses.TreeTest" name="testValidPythonCode_TreeTraversals" time="1.184"/>
  <testcase classname="TestClasses.TreeTest" name="testInvalidPythonCode_TreeTraversals" time="1.017"/>
  <testcase classname="TestClasses.TreeTest" name="emptyInputforTraversals_Illust" time="1.142"/>
  <testcase classname="TestClasses.TreeTest" name="testValidPythonCode_Traversals_Illust" time="1.117"/>
  <testcase classname="TestClasses.TreeTest" name="testInvalidPythonCode_Traversals_Illust" time="1.075"/>
  <testcase classname="TestClasses.TreeTest" name="emptyInputforBinaryTrees" time="1.277"/>
  <testcase classname="TestClasses.TreeTest" name="testValidPythonCode_BinaryTrees" time="1.106"/>
  <testcase classname="TestClasses.TreeTest" name="testInvalidPythonCode_BinaryTrees" time="1.107"/>
  <testcase classname="TestClasses.TreeTest" name="emptyInputforTypesofBinaryTrees" time="1.291"/>
  <testcase classname="TestClasses.TreeTest" name="testValidPythonCode_TypesofBinaryTrees" time="1.153"/>
  <testcase classname="TestClasses.TreeTest" name="testInvalidPythonCode_TypesofBinaryTrees" time="0.979"/>
  <testcase classname="TestClasses.TreeTest" name="emptyInputforImple_BinaryTrees" time="1.252"/>
  <testcase classname="TestClasses.TreeTest" name="testValidPythonCode_Imple_BinaryTrees" time="1.213"/>
  <testcase classname="TestClasses.TreeTest" name="testInvalidPythonCode_Imple_BinaryTrees" time="1.154"/>
  <testcase classname="TestClasses.TreeTest" name="emptyInputforImple_inpython" time="1.18"/>
  <testcase classname="TestClasses.TreeTest" name="testValidPythonCode_Imple_inpython" time="1.16"/>
  <testcase classname="TestClasses.TreeTest" name="testInvalidPythonCode_Imple_inpython" time="0.964"/>
  <testcase classname="TestClasses.TreeTest" name="emptyInputforBinaryTreeTraversal" time="1.444"/>
  <testcase classname="TestClasses.TreeTest" name="testValidPythonCode_BinaryTreeTraversal" time="1.177"/>
  <testcase classname="TestClasses.TreeTest" name="testInvalidPythonCode_BinaryTreeTraversal" time="1.105"/>
  <testcase classname="TestClasses.TreeTest" name="emptyInputforApplOfBinaryTrees" time="1.236"/>
  <testcase classname="TestClasses.TreeTest" name="testValidPythonCode_ApplOfBinaryTrees" time="1.22"/>
  <testcase classname="TestClasses.TreeTest" name="testInvalidPythonCode_ApplOfBinaryTrees" time="1.067"/>
  <testcase classname="TestClasses.TreeTest" name="emptyInputforBinarySearchTrees" time="1.178"/>
  <testcase classname="TestClasses.TreeTest" name="testValidPythonCode_BinarySearchTrees" time="1.228"/>
  <testcase classname="TestClasses.TreeTest" name="testInvalidPythonCode_BinarySearchTrees" time="1.046"/>
  <testcase classname="TestClasses.TreeTest" name="emptyInputforImpleOfBST" time="1.266"/>
  <testcase classname="TestClasses.TreeTest" name="testInvalidPythonCode_ImpleOfBST" time="1.025"/>
  <testcase classname="TestClasses.TreeTest" name="testValidPythonCode_ImpleOfBST" time="1.131"/>
  <testcase classname="TestClasses.TreeTest" name="checkPracticeQuestions" time="0.796"/>
  <testcase classname="TestClasses.GraphTest" name="GraphFromGetStarted" time="1.385"/>
  <testcase classname="TestClasses.GraphTest" name="GraphfromDropdown" time="0.529"/>
  <testcase classname="TestClasses.GraphTest" name="checkingGraphLink" time="0.21"/>
  <testcase classname="TestClasses.GraphTest" name="checkingPracticeQnPage" time="0.737"/>
  <testcase classname="TestClasses.GraphTest" name="checkingGraphRepresentationLink" time="2.371"/>
  <testcase classname="TestClasses.GraphTest" name="testInvalidPythonCode" time="0.978"/>
  <testcase classname="TestClasses.GraphTest" name="testvalidPythonCode" time="1.198"/>
</testsuite> <!-- FirefoxTest -->
